[debug] [2020-06-21T13:27:53.830Z] ----------------------------------------------------------------------
[debug] [2020-06-21T13:27:53.832Z] Command:       C:\Program Files\nodejs\node.exe C:\Users\user\AppData\Roaming\npm\node_modules\firebase-tools\lib\bin\firebase.js deploy --only functions:guide
[debug] [2020-06-21T13:27:53.833Z] CLI Version:   8.4.1
[debug] [2020-06-21T13:27:53.833Z] Platform:      win32
[debug] [2020-06-21T13:27:53.833Z] Node Version:  v10.15.3
[debug] [2020-06-21T13:27:53.837Z] Time:          Sun Jun 21 2020 22:27:53 GMT+0900 (GMT+09:00)
[debug] [2020-06-21T13:27:53.837Z] ----------------------------------------------------------------------
[debug] [2020-06-21T13:27:53.837Z] 
[debug] [2020-06-21T13:27:53.852Z] > command requires scopes: ["email","openid","https://www.googleapis.com/auth/cloudplatformprojects.readonly","https://www.googleapis.com/auth/firebase","https://www.googleapis.com/auth/cloud-platform"]
[debug] [2020-06-21T13:27:53.853Z] > authorizing via signed-in user
[debug] [2020-06-21T13:27:53.853Z] [iam] checking project artiq-api-7d81d for permissions ["cloudfunctions.functions.create","cloudfunctions.functions.delete","cloudfunctions.functions.get","cloudfunctions.functions.list","cloudfunctions.functions.update","cloudfunctions.operations.get","firebase.projects.get"]
[debug] [2020-06-21T13:27:53.857Z] >>> HTTP REQUEST POST https://cloudresourcemanager.googleapis.com/v1/projects/artiq-api-7d81d:testIamPermissions  
 {"permissions":["cloudfunctions.functions.create","cloudfunctions.functions.delete","cloudfunctions.functions.get","cloudfunctions.functions.list","cloudfunctions.functions.update","cloudfunctions.operations.get","firebase.projects.get"]}
[debug] [2020-06-21T13:27:54.628Z] <<< HTTP RESPONSE 200 {"content-type":"application/json; charset=UTF-8","vary":"X-Origin, Referer, Origin,Accept-Encoding","date":"Sun, 21 Jun 2020 13:27:55 GMT","server":"ESF","cache-control":"private","x-xss-protection":"0","x-frame-options":"SAMEORIGIN","x-content-type-options":"nosniff","server-timing":"gfet4t7; dur=567","alt-svc":"h3-28=\":443\"; ma=2592000,h3-27=\":443\"; ma=2592000,h3-25=\":443\"; ma=2592000,h3-T050=\":443\"; ma=2592000,h3-Q050=\":443\"; ma=2592000,h3-Q049=\":443\"; ma=2592000,h3-Q048=\":443\"; ma=2592000,h3-Q046=\":443\"; ma=2592000,h3-Q043=\":443\"; ma=2592000,quic=\":443\"; ma=2592000; v=\"46,43\"","accept-ranges":"none","transfer-encoding":"chunked"}
[debug] [2020-06-21T13:27:54.630Z] >>> HTTP REQUEST POST https://iam.googleapis.com/v1/projects/artiq-api-7d81d/serviceAccounts/artiq-api-7d81d@appspot.gserviceaccount.com:testIamPermissions  
 {"permissions":["iam.serviceAccounts.actAs"]}
[debug] [2020-06-21T13:27:55.585Z] <<< HTTP RESPONSE 200 {"content-type":"application/json; charset=UTF-8","vary":"X-Origin, Referer, Origin,Accept-Encoding","date":"Sun, 21 Jun 2020 13:27:56 GMT","server":"ESF","cache-control":"private","x-xss-protection":"0","x-frame-options":"SAMEORIGIN","x-content-type-options":"nosniff","alt-svc":"h3-28=\":443\"; ma=2592000,h3-27=\":443\"; ma=2592000,h3-25=\":443\"; ma=2592000,h3-T050=\":443\"; ma=2592000,h3-Q050=\":443\"; ma=2592000,h3-Q049=\":443\"; ma=2592000,h3-Q048=\":443\"; ma=2592000,h3-Q046=\":443\"; ma=2592000,h3-Q043=\":443\"; ma=2592000,quic=\":443\"; ma=2592000; v=\"46,43\"","accept-ranges":"none","transfer-encoding":"chunked"}
[info] 
[info] === Deploying to 'artiq-api-7d81d'...
[info] 
[info] i  deploying functions 
[debug] [2020-06-21T13:28:00.567Z] > [functions] package.json contents: {
  "name": "functions",
  "description": "Cloud Functions for Firebase",
  "scripts": {
    "serve": "firebase emulators:start --only functions",
    "shell": "firebase functions:shell",
    "start": "npm run shell",
    "deploy": "firebase deploy --only functions",
    "logs": "firebase functions:log"
  },
  "engines": {
    "node": "8"
  },
  "dependencies": {
    "firebase-admin": "^8.6.0",
    "firebase-functions": "^3.7.0"
  },
  "devDependencies": {
    "firebase-functions-test": "^0.1.6"
  },
  "private": true
}
[info] i  functions: ensuring required API cloudfunctions.googleapis.com is enabled... 
[debug] [2020-06-21T13:28:03.173Z] [functions] runtime dependency check dates: warning: 2020-05-21T00:00:00.000Z error: 2020-08-17T00:00:00.000Z
[debug] [2020-06-21T13:28:03.174Z] >>> HTTP REQUEST GET https://serviceusage.googleapis.com/v1/projects/artiq-api-7d81d/services/cloudfunctions.googleapis.com  
 
[debug] [2020-06-21T13:28:03.174Z] >>> HTTP REQUEST GET https://serviceusage.googleapis.com/v1/projects/artiq-api-7d81d/services/runtimeconfig.googleapis.com  
 
[debug] [2020-06-21T13:28:04.191Z] <<< HTTP RESPONSE 200 {"content-type":"application/json; charset=UTF-8","vary":"X-Origin, Referer, Origin,Accept-Encoding","date":"Sun, 21 Jun 2020 13:28:05 GMT","server":"ESF","cache-control":"private","x-xss-protection":"0","x-frame-options":"SAMEORIGIN","x-content-type-options":"nosniff","alt-svc":"h3-28=\":443\"; ma=2592000,h3-27=\":443\"; ma=2592000,h3-25=\":443\"; ma=2592000,h3-T050=\":443\"; ma=2592000,h3-Q050=\":443\"; ma=2592000,h3-Q049=\":443\"; ma=2592000,h3-Q048=\":443\"; ma=2592000,h3-Q046=\":443\"; ma=2592000,h3-Q043=\":443\"; ma=2592000,quic=\":443\"; ma=2592000; v=\"46,43\"","accept-ranges":"none","transfer-encoding":"chunked"}
[debug] [2020-06-21T13:28:04.332Z] <<< HTTP RESPONSE 200 {"content-type":"application/json; charset=UTF-8","vary":"X-Origin, Referer, Origin,Accept-Encoding","date":"Sun, 21 Jun 2020 13:28:05 GMT","server":"ESF","cache-control":"private","x-xss-protection":"0","x-frame-options":"SAMEORIGIN","x-content-type-options":"nosniff","alt-svc":"h3-28=\":443\"; ma=2592000,h3-27=\":443\"; ma=2592000,h3-25=\":443\"; ma=2592000,h3-T050=\":443\"; ma=2592000,h3-Q050=\":443\"; ma=2592000,h3-Q049=\":443\"; ma=2592000,h3-Q048=\":443\"; ma=2592000,h3-Q046=\":443\"; ma=2592000,h3-Q043=\":443\"; ma=2592000,quic=\":443\"; ma=2592000; v=\"46,43\"","accept-ranges":"none","transfer-encoding":"chunked"}
[info] +  functions: required API cloudfunctions.googleapis.com is enabled 
[debug] [2020-06-21T13:28:04.334Z] >>> HTTP REQUEST GET https://firebase.googleapis.com/v1beta1/projects/artiq-api-7d81d/adminSdkConfig  
 
[debug] [2020-06-21T13:28:04.826Z] <<< HTTP RESPONSE 200 {"content-type":"application/json; charset=UTF-8","vary":"X-Origin, Referer, Origin,Accept-Encoding","date":"Sun, 21 Jun 2020 13:28:05 GMT","server":"ESF","cache-control":"private","x-xss-protection":"0","x-frame-options":"SAMEORIGIN","x-content-type-options":"nosniff","alt-svc":"h3-28=\":443\"; ma=2592000,h3-27=\":443\"; ma=2592000,h3-25=\":443\"; ma=2592000,h3-T050=\":443\"; ma=2592000,h3-Q050=\":443\"; ma=2592000,h3-Q049=\":443\"; ma=2592000,h3-Q048=\":443\"; ma=2592000,h3-Q046=\":443\"; ma=2592000,h3-Q043=\":443\"; ma=2592000,quic=\":443\"; ma=2592000; v=\"46,43\"","accept-ranges":"none","transfer-encoding":"chunked"}
[info] i  functions: preparing functions directory for uploading... 
[debug] [2020-06-21T13:28:04.828Z] >>> HTTP REQUEST GET https://runtimeconfig.googleapis.com/v1beta1/projects/artiq-api-7d81d/configs  
 
[debug] [2020-06-21T13:28:05.286Z] <<< HTTP RESPONSE 200 {"content-type":"application/json; charset=UTF-8","vary":"X-Origin, Referer, Origin,Accept-Encoding","date":"Sun, 21 Jun 2020 13:28:06 GMT","server":"ESF","cache-control":"private","x-xss-protection":"0","x-frame-options":"SAMEORIGIN","x-content-type-options":"nosniff","alt-svc":"h3-28=\":443\"; ma=2592000,h3-27=\":443\"; ma=2592000,h3-25=\":443\"; ma=2592000,h3-T050=\":443\"; ma=2592000,h3-Q050=\":443\"; ma=2592000,h3-Q049=\":443\"; ma=2592000,h3-Q048=\":443\"; ma=2592000,h3-Q046=\":443\"; ma=2592000,h3-Q043=\":443\"; ma=2592000,quic=\":443\"; ma=2592000; v=\"46,43\"","accept-ranges":"none","transfer-encoding":"chunked"}
[info] i  functions: packaged functions (59.56 KB) for uploading 
[debug] [2020-06-21T13:28:05.625Z] >>> HTTP REQUEST GET https://cloudfunctions.googleapis.com/v1/projects/artiq-api-7d81d/locations/-/functions  
 
[debug] [2020-06-21T13:28:06.188Z] <<< HTTP RESPONSE 200 {"content-type":"application/json; charset=UTF-8","vary":"X-Origin, Referer, Origin,Accept-Encoding","date":"Sun, 21 Jun 2020 13:28:07 GMT","server":"ESF","cache-control":"private","x-xss-protection":"0","x-frame-options":"SAMEORIGIN","x-content-type-options":"nosniff","alt-svc":"h3-28=\":443\"; ma=2592000,h3-27=\":443\"; ma=2592000,h3-25=\":443\"; ma=2592000,h3-T050=\":443\"; ma=2592000,h3-Q050=\":443\"; ma=2592000,h3-Q049=\":443\"; ma=2592000,h3-Q048=\":443\"; ma=2592000,h3-Q046=\":443\"; ma=2592000,h3-Q043=\":443\"; ma=2592000,quic=\":443\"; ma=2592000; v=\"46,43\"","accept-ranges":"none","transfer-encoding":"chunked"}
[debug] [2020-06-21T13:28:06.191Z] >>> HTTP REQUEST POST https://cloudfunctions.googleapis.com/v1/projects/artiq-api-7d81d/locations/us-central1/functions:generateUploadUrl  
 
[debug] [2020-06-21T13:28:06.915Z] <<< HTTP RESPONSE 200 {"content-type":"application/json; charset=UTF-8","vary":"X-Origin, Referer, Origin,Accept-Encoding","date":"Sun, 21 Jun 2020 13:28:08 GMT","server":"ESF","cache-control":"private","x-xss-protection":"0","x-frame-options":"SAMEORIGIN","x-content-type-options":"nosniff","alt-svc":"h3-28=\":443\"; ma=2592000,h3-27=\":443\"; ma=2592000,h3-25=\":443\"; ma=2592000,h3-T050=\":443\"; ma=2592000,h3-Q050=\":443\"; ma=2592000,h3-Q049=\":443\"; ma=2592000,h3-Q048=\":443\"; ma=2592000,h3-Q046=\":443\"; ma=2592000,h3-Q043=\":443\"; ma=2592000,quic=\":443\"; ma=2592000; v=\"46,43\"","accept-ranges":"none","transfer-encoding":"chunked"}
[debug] [2020-06-21T13:28:06.915Z] >>> HTTP REQUEST PUT https://storage.googleapis.com/gcf-upload-us-central1-68901fa6-2698-4895-a079-ff5f3d9cf39c/fd46e140-a192-4816-80d3-34c9e14bc4f0.zip?GoogleAccessId=service-516823003488@gcf-admin-robot.iam.gserviceaccount.com&Expires=1592747887&Signature=ZiajCoJ3J%2BVIUqssJ%2BYl%2B1CZSVpI%2BGsNNlUEtT3WzdX114NhHblpXpGyAbVDL7QIMA8j1w3HoMPOKJtyMKeA%2BdTCqnzd%2BsQaHK0PYnfjxzNr7FSlz86DOyT5yqt2dBENLYmqcokRsqL8T%2FRR1PM4tWDVmnVAq7DnMtskb1%2F5odkfT%2FvMIg0GxvMXi5LcsTti%2BtvB9N0DEkyU%2FtpO1vSvSDXggcAXtI1%2Fi1kdt7BTBMnv7PcJnhOU7DV3vpFUcWdhikKMfMI2VsRb3%2FhnmZGgsajClC8hTgS0wXy%2B%2BvjCMaBtWAPWbYyHk7RuiXJdd%2Bpl9Ij7iCOIbTfLASByWB8npw%3D%3D  
 <request body omitted>
[debug] [2020-06-21T13:28:07.580Z] <<< HTTP RESPONSE 200 {"x-guploader-uploadid":"AAANsUl33Nno6cgem8o-KxqFKR1YdEh65Yb6efALjLm-SK6WCz4KPTXg1FTBYok16-AJPVq_LH7K6e4qo8H-iKaQ5Q","etag":"\"e131750c2d0a07b30319b4ce17a69841\"","x-goog-generation":"1592746088611493","x-goog-metageneration":"1","x-goog-hash":"crc32c=UDI8wQ==, md5=4TF1DC0KB7MDGbTOF6aYQQ==","x-goog-stored-content-length":"60987","x-goog-stored-content-encoding":"identity","vary":"Origin","content-length":"0","date":"Sun, 21 Jun 2020 13:28:08 GMT","server":"UploadServer","content-type":"text/html; charset=UTF-8","alt-svc":"h3-28=\":443\"; ma=2592000,h3-27=\":443\"; ma=2592000,h3-25=\":443\"; ma=2592000,h3-T050=\":443\"; ma=2592000,h3-Q050=\":443\"; ma=2592000,h3-Q049=\":443\"; ma=2592000,h3-Q048=\":443\"; ma=2592000,h3-Q046=\":443\"; ma=2592000,h3-Q043=\":443\"; ma=2592000,quic=\":443\"; ma=2592000; v=\"46,43\""}
